2107 INFO  [2016-11-04 18:21:18]  response: null

0    INFO  [2016-11-04 18:24:08]  transfer request:.udfParams: null
transfer request:.apiVersion: 1.0
transfer request:.bizContent: { "out_biz_no":"758588358678159360", "payee_type":"ALIPAY_LOGONID", "payee_account":"hank528@139.com", "amount":"0.01", "payer_real_name":"北京搜鱼科技有限公司", "payer_show_name":"ShowLive", "payee_real_name":"刘晗", "remark":"提现", "ext_param":"{\"order_title\":\"ShowLive提现\"}" }
transfer request:.terminalType: null
transfer request:.terminalInfo: null
transfer request:.prodCode: null
transfer request:.notifyUrl: null
transfer request:.returnUrl: null
transfer request:.needEncrypt: false

108  DEBUG [2016-11-04 18:24:08]  2016-11-04 18:24:08^_^https://openapi.alipay.com/gateway.do?alipay_sdk=alipay-sdk-java-dynamicVersionNo&app_id=2016060601489825&biz_content=%7B+%22out_biz_no%22%3A%22758588358678159360%22%2C+%22payee_type%22%3A%22ALIPAY_LOGONID%22%2C+%22payee_account%22%3A%22hank528%40139.com%22%2C+%22amount%22%3A%220.01%22%2C+%22payer_real_name%22%3A%22%B1%B1%BE%A9%CB%D1%D3%E3%BF%C6%BC%BC%D3%D0%CF%DE%B9%AB%CB%BE%22%2C+%22payer_show_name%22%3A%22%B1%B4%BF%C7%D6%B1%B2%A5%22%2C+%22payee_real_name%22%3A%22%C1%F5%EA%CF%22%2C+%22remark%22%3A%22%CC%E1%CF%D6%22%2C+%22ext_param%22%3A%22%7B%5C%22order_title%5C%22%3A%5C%22%B1%B4%BF%C7%D6%B1%B2%A5%CC%E1%CF%D6%5C%22%7D%22+%7D&charset=GBK&format=json&method=alipay.fund.trans.toaccount.transfer&sign=lUWJl0w2Nx7MDRTTAKYxPqDjgkVEkfkbAlZpPLhdJh%2BEjc8iJSGuA7zrVIA5YDmEZxUTsEKdbOpL7ZQngnnmSoKR9y3hVn6istsNIKqSV8gv7Xa8hayGc3bKkQXWO0Ccp6f52HgeUdcsaVJ2ur4fH6IW68HhwNzbzsJsLvzyAiM%3D&sign_type=RSA&timestamp=2016-11-04+18%3A24%3A08&version=1.0&sign=lUWJl0w2Nx7MDRTTAKYxPqDjgkVEkfkbAlZpPLhdJh%2BEjc8iJSGuA7zrVIA5YDmEZxUTsEKdbOpL7ZQngnnmSoKR9y3hVn6istsNIKqSV8gv7Xa8hayGc3bKkQXWO0Ccp6f52HgeUdcsaVJ2ur4fH6IW68HhwNzbzsJsLvzyAiM%3D
1087 ERROR [2016-11-04 18:24:09]  2016-11-04 18:24:09^_^{"alipay_fund_trans_toaccount_transfer_response":{"code":"40002","msg":"Invalid Arguments","sub_code":"isv.invalid-signature","sub_msg":"无效签名"},"sign":"pKAZjddvi+mJDIJnopTjVuwG3yoNc8JKW6HvjZ9v5GQ551NAhuIIJjL1cvAm6Llxxbjm9bYRNWRR0LJsXLaxYKzpymJNOZ0WcZtqcHmTaBzdII/G5boGLQaSl347pywft04Vb/0oeKBuEekqzPXQIma+iBXbK9GP0i5qghxTGHg="}
1088 ERROR [2016-11-04 18:24:09]  singleTransfer error.
com.alipay.api.AlipayApiException: com.alipay.api.AlipayApiException: sign check fail: check Sign and Data Fail!
	at com.alipay.api.DefaultAlipayClient._execute(DefaultAlipayClient.java:327)
	at com.alipay.api.DefaultAlipayClient.execute(DefaultAlipayClient.java:122)
	at com.alipay.api.DefaultAlipayClient.execute(DefaultAlipayClient.java:109)
	at com.alipay.api.DefaultAlipayClient.execute(DefaultAlipayClient.java:103)
	at one.show.sdk.AlipayOutSDK.singleTransfer(AlipayOutSDK.java:75)
	at one.show.sdk.AlipayOutSDK.main(AlipayOutSDK.java:55)
Caused by: com.alipay.api.AlipayApiException: sign check fail: check Sign and Data Fail!
	at com.alipay.api.DefaultAlipayClient.checkResponseSign(DefaultAlipayClient.java:428)
	at com.alipay.api.DefaultAlipayClient._execute(DefaultAlipayClient.java:318)
	... 5 more
1091 INFO  [2016-11-04 18:24:09]  transfer response:: null

1091 INFO  [2016-11-04 18:24:09]  response: null

0    INFO  [2016-11-04 18:31:03]  transfer request:.udfParams: null
transfer request:.apiVersion: 1.0
transfer request:.bizContent: { "out_biz_no":"758588358678159360", "payee_type":"ALIPAY_LOGONID", "payee_account":"hank528@139.com", "amount":"0.01", "payer_real_name":"北京搜鱼科技有限公司", "payer_show_name":"ShowLive", "payee_real_name":"刘晗", "remark":"提现", "ext_param":"{\"order_title\":\"ShowLive提现\"}" }
transfer request:.terminalType: null
transfer request:.terminalInfo: null
transfer request:.prodCode: null
transfer request:.notifyUrl: null
transfer request:.returnUrl: null
transfer request:.needEncrypt: false

114  DEBUG [2016-11-04 18:31:03]  2016-11-04 18:31:03^_^https://openapi.alipay.com/gateway.do?alipay_sdk=alipay-sdk-java-dynamicVersionNo&app_id=2016060601489825&biz_content=%7B+%22out_biz_no%22%3A%22758588358678159360%22%2C+%22payee_type%22%3A%22ALIPAY_LOGONID%22%2C+%22payee_account%22%3A%22hank528%40139.com%22%2C+%22amount%22%3A%220.01%22%2C+%22payer_real_name%22%3A%22%B1%B1%BE%A9%CB%D1%D3%E3%BF%C6%BC%BC%D3%D0%CF%DE%B9%AB%CB%BE%22%2C+%22payer_show_name%22%3A%22%B1%B4%BF%C7%D6%B1%B2%A5%22%2C+%22payee_real_name%22%3A%22%C1%F5%EA%CF%22%2C+%22remark%22%3A%22%CC%E1%CF%D6%22%2C+%22ext_param%22%3A%22%7B%5C%22order_title%5C%22%3A%5C%22%B1%B4%BF%C7%D6%B1%B2%A5%CC%E1%CF%D6%5C%22%7D%22+%7D&charset=GBK&format=json&method=alipay.fund.trans.toaccount.transfer&sign=lCJmGwMKo2BFqFGiQa7WpC7J42I4vqj7u5QFK2aAG8VNgVDu7b3NnHze0yAnllZWsmKxU6EM8gcFTP8eqKgrvltwTPruHiH1FYDK18D1B0v%2BuMo2uFm0gBgc79eUf3XcMsZ26AaNY2quLUbkne76RIpZE1RvKxss8p2sW2ZwNPw%3D&sign_type=RSA&timestamp=2016-11-04+18%3A31%3A03&version=1.0&sign=lCJmGwMKo2BFqFGiQa7WpC7J42I4vqj7u5QFK2aAG8VNgVDu7b3NnHze0yAnllZWsmKxU6EM8gcFTP8eqKgrvltwTPruHiH1FYDK18D1B0v%2BuMo2uFm0gBgc79eUf3XcMsZ26AaNY2quLUbkne76RIpZE1RvKxss8p2sW2ZwNPw%3D
1663 ERROR [2016-11-04 18:31:04]  2016-11-04 18:31:04^_^{"alipay_fund_trans_toaccount_transfer_response":{"code":"40002","msg":"Invalid Arguments","sub_code":"isv.invalid-signature","sub_msg":"无效签名"},"sign":"pKAZjddvi+mJDIJnopTjVuwG3yoNc8JKW6HvjZ9v5GQ551NAhuIIJjL1cvAm6Llxxbjm9bYRNWRR0LJsXLaxYKzpymJNOZ0WcZtqcHmTaBzdII/G5boGLQaSl347pywft04Vb/0oeKBuEekqzPXQIma+iBXbK9GP0i5qghxTGHg="}
1664 ERROR [2016-11-04 18:31:04]  singleTransfer error.
com.alipay.api.AlipayApiException: com.alipay.api.AlipayApiException: sign check fail: check Sign and Data Fail!
	at com.alipay.api.DefaultAlipayClient._execute(DefaultAlipayClient.java:327)
	at com.alipay.api.DefaultAlipayClient.execute(DefaultAlipayClient.java:122)
	at com.alipay.api.DefaultAlipayClient.execute(DefaultAlipayClient.java:109)
	at com.alipay.api.DefaultAlipayClient.execute(DefaultAlipayClient.java:103)
	at one.show.sdk.AlipayOutSDK.singleTransfer(AlipayOutSDK.java:75)
	at one.show.sdk.AlipayOutSDK.main(AlipayOutSDK.java:55)
Caused by: com.alipay.api.AlipayApiException: sign check fail: check Sign and Data Fail!
	at com.alipay.api.DefaultAlipayClient.checkResponseSign(DefaultAlipayClient.java:428)
	at com.alipay.api.DefaultAlipayClient._execute(DefaultAlipayClient.java:318)
	... 5 more
1666 INFO  [2016-11-04 18:31:04]  transfer response:: null

1666 INFO  [2016-11-04 18:31:04]  response: null

0    INFO  [2016-11-04 18:32:05]  transfer request:.udfParams: null
transfer request:.apiVersion: 1.0
transfer request:.bizContent: { "out_biz_no":"758588358678159360", "payee_type":"ALIPAY_LOGONID", "payee_account":"hank528@139.com", "amount":"0.01", "payer_real_name":"北京搜鱼科技有限公司", "payer_show_name":"ShowLive", "payee_real_name":"刘晗", "remark":"提现", "ext_param":"{\"order_title\":\"ShowLive提现\"}" }
transfer request:.terminalType: null
transfer request:.terminalInfo: null
transfer request:.prodCode: null
transfer request:.notifyUrl: null
transfer request:.returnUrl: null
transfer request:.needEncrypt: false

99   DEBUG [2016-11-04 18:32:05]  2016-11-04 18:32:05^_^https://openapi.alipay.com/gateway.do?alipay_sdk=alipay-sdk-java-dynamicVersionNo&app_id=2016071401616703&biz_content=%7B+%22out_biz_no%22%3A%22758588358678159360%22%2C+%22payee_type%22%3A%22ALIPAY_LOGONID%22%2C+%22payee_account%22%3A%22hank528%40139.com%22%2C+%22amount%22%3A%220.01%22%2C+%22payer_real_name%22%3A%22%B1%B1%BE%A9%CB%D1%D3%E3%BF%C6%BC%BC%D3%D0%CF%DE%B9%AB%CB%BE%22%2C+%22payer_show_name%22%3A%22%B1%B4%BF%C7%D6%B1%B2%A5%22%2C+%22payee_real_name%22%3A%22%C1%F5%EA%CF%22%2C+%22remark%22%3A%22%CC%E1%CF%D6%22%2C+%22ext_param%22%3A%22%7B%5C%22order_title%5C%22%3A%5C%22%B1%B4%BF%C7%D6%B1%B2%A5%CC%E1%CF%D6%5C%22%7D%22+%7D&charset=GBK&format=json&method=alipay.fund.trans.toaccount.transfer&sign=yqUZ96oubvqX%2FtkgZpFhbgJEHUKROe6uyTuOASzkIWj3g0WhCJ20OocrTnsr%2FUXBMV9Dct%2FeLRItnl%2FviKsvQSJaC6HNEJ%2FACO4wJsAs75T5mhsGafvZXHjkNIks3JaDEvdZDHKpHs837wQ7eT5nNrSBD8vqu3ozt9pfUshNVQs%3D&sign_type=RSA&timestamp=2016-11-04+18%3A32%3A05&version=1.0&sign=yqUZ96oubvqX%2FtkgZpFhbgJEHUKROe6uyTuOASzkIWj3g0WhCJ20OocrTnsr%2FUXBMV9Dct%2FeLRItnl%2FviKsvQSJaC6HNEJ%2FACO4wJsAs75T5mhsGafvZXHjkNIks3JaDEvdZDHKpHs837wQ7eT5nNrSBD8vqu3ozt9pfUshNVQs%3D
1142 ERROR [2016-11-04 18:32:06]  2016-11-04 18:32:06^_^{"alipay_fund_trans_toaccount_transfer_response":{"code":"40003","msg":"Insufficient Conditions","sub_code":"isv.missing-signature-config","sub_msg":"验签出错, 未配置对应签名算法的公钥或者证书"},"sign":"FoeoURz1QR0JdmkR3kGYMiMiTO5FYbqthz477LEld5b6J4eTW9d55VcIneh0vhYiV95xsUirkljNWdzueeZqQKT1vOM762qzaE9jZa6XajMI9RBMdD+ZYS4gkMqxWEEpQhiWkABN5MD2SzI1R9V6ftGs/EAdty54hEzvs8pjTP4="}
1143 ERROR [2016-11-04 18:32:06]  singleTransfer error.
com.alipay.api.AlipayApiException: com.alipay.api.AlipayApiException: sign check fail: check Sign and Data Fail!
	at com.alipay.api.DefaultAlipayClient._execute(DefaultAlipayClient.java:327)
	at com.alipay.api.DefaultAlipayClient.execute(DefaultAlipayClient.java:122)
	at com.alipay.api.DefaultAlipayClient.execute(DefaultAlipayClient.java:109)
	at com.alipay.api.DefaultAlipayClient.execute(DefaultAlipayClient.java:103)
	at one.show.sdk.AlipayOutSDK.singleTransfer(AlipayOutSDK.java:75)
	at one.show.sdk.AlipayOutSDK.main(AlipayOutSDK.java:55)
Caused by: com.alipay.api.AlipayApiException: sign check fail: check Sign and Data Fail!
	at com.alipay.api.DefaultAlipayClient.checkResponseSign(DefaultAlipayClient.java:428)
	at com.alipay.api.DefaultAlipayClient._execute(DefaultAlipayClient.java:318)
	... 5 more
1145 INFO  [2016-11-04 18:32:06]  transfer response:: null

1145 INFO  [2016-11-04 18:32:06]  response: null

0    INFO  [2016-11-04 18:50:41]  transfer request:.udfParams: null
transfer request:.apiVersion: 1.0
transfer request:.bizContent: { "out_biz_no":"758588358678159360", "payee_type":"ALIPAY_LOGONID", "payee_account":"hank528@139.com", "amount":"0.01", "payer_real_name":"北京搜鱼科技有限公司", "payer_show_name":"ShowLive", "payee_real_name":"刘晗", "remark":"提现", "ext_param":"{\"order_title\":\"ShowLive提现\"}" }
transfer request:.terminalType: null
transfer request:.terminalInfo: null
transfer request:.prodCode: null
transfer request:.notifyUrl: null
transfer request:.returnUrl: null
transfer request:.needEncrypt: false

160  DEBUG [2016-11-04 18:50:41]  2016-11-04 18:50:41^_^https://openapi.alipay.com/gateway.do?alipay_sdk=alipay-sdk-java-dynamicVersionNo&app_id=2016060601489825&biz_content=%7B+%22out_biz_no%22%3A%22758588358678159360%22%2C+%22payee_type%22%3A%22ALIPAY_LOGONID%22%2C+%22payee_account%22%3A%22hank528%40139.com%22%2C+%22amount%22%3A%220.01%22%2C+%22payer_real_name%22%3A%22%B1%B1%BE%A9%CB%D1%D3%E3%BF%C6%BC%BC%D3%D0%CF%DE%B9%AB%CB%BE%22%2C+%22payer_show_name%22%3A%22%B1%B4%BF%C7%D6%B1%B2%A5%22%2C+%22payee_real_name%22%3A%22%C1%F5%EA%CF%22%2C+%22remark%22%3A%22%CC%E1%CF%D6%22%2C+%22ext_param%22%3A%22%7B%5C%22order_title%5C%22%3A%5C%22%B1%B4%BF%C7%D6%B1%B2%A5%CC%E1%CF%D6%5C%22%7D%22+%7D&charset=GBK&format=json&method=alipay.fund.trans.toaccount.transfer&sign=XRQU1d4qbt84qm7Q5H%2B6BDIaAZQF2J8QJVVAudRH9dU7uE5Wtv9JkftJgQoLCBMvlz%2Bf75208YCDE%2F779x%2F5Mf8frA0QgUHCsJVNNWmhCt3FkWinqQYqrZf8Nyb7XgvOdn3bxtDyh784lljzOWmTW8UOA6K9LaGWAjabvlgJwQk%3D&sign_type=RSA&timestamp=2016-11-04+18%3A50%3A41&version=1.0&sign=XRQU1d4qbt84qm7Q5H%2B6BDIaAZQF2J8QJVVAudRH9dU7uE5Wtv9JkftJgQoLCBMvlz%2Bf75208YCDE%2F779x%2F5Mf8frA0QgUHCsJVNNWmhCt3FkWinqQYqrZf8Nyb7XgvOdn3bxtDyh784lljzOWmTW8UOA6K9LaGWAjabvlgJwQk%3D
2238 ERROR [2016-11-04 18:50:44]  ErrorScene^_^40006^_^isv.insufficient-isv-permissions^_^null^_^Mac OS X^_^2016-11-04 18:50:44^_^ProtocalMustParams:sign=XRQU1d4qbt84qm7Q5H+6BDIaAZQF2J8QJVVAudRH9dU7uE5Wtv9JkftJgQoLCBMvlz+f75208YCDE/779x/5Mf8frA0QgUHCsJVNNWmhCt3FkWinqQYqrZf8Nyb7XgvOdn3bxtDyh784lljzOWmTW8UOA6K9LaGWAjabvlgJwQk=&timestamp=2016-11-04 18:50:41&sign_type=RSA&charset=GBK&app_id=2016060601489825&method=alipay.fund.trans.toaccount.transfer&version=1.0^_^ProtocalOptParams:alipay_sdk=alipay-sdk-java-dynamicVersionNo&format=json^_^ApplicationParams:biz_content={ "out_biz_no":"758588358678159360", "payee_type":"ALIPAY_LOGONID", "payee_account":"hank528@139.com", "amount":"0.01", "payer_real_name":"北京搜鱼科技有限公司", "payer_show_name":"ShowLive", "payee_real_name":"刘晗", "remark":"提现", "ext_param":"{\"order_title\":\"ShowLive提现\"}" }^_^Body:{"alipay_fund_trans_toaccount_transfer_response":{"code":"40006","msg":"Insufficient Permissions","sub_code":"isv.insufficient-isv-permissions","sub_msg":"ISV权限不足"},"sign":"UKaq9EnwX+rJZYN51Djh0XKzivS4m7KQ0ZZ6+ZztCfE4FSwWzMKl3PyQm5C00nxFP7zV2YFtdDBM4tfqUMlh9BKH3XGYvuDZlrF9es4gRvB9kQfnBJiApeuJYXSXb9kSnxeQL6ChBjvkyFXaXhWoRJdD1vpRO1YnME1HH/ogu+0="}
2239 INFO  [2016-11-04 18:50:44]  transfer response:.code: 40006
transfer response:.msg: Insufficient Permissions
transfer response:.outBizNo: null
transfer response:.orderId: null
transfer response:.payDate: null
transfer response:.code: null
transfer response:.msg: null
transfer response:.subCode: isv.insufficient-isv-permissions
transfer response:.subMsg: ISV权限不足
transfer response:.body: {"alipay_fund_trans_toaccount_transfer_response":{"code":"40006","msg":"Insufficient Permissions","sub_code":"isv.insufficient-isv-permissions","sub_msg":"ISV权限不足"},"sign":"UKaq9EnwX+rJZYN51Djh0XKzivS4m7KQ0ZZ6+ZztCfE4FSwWzMKl3PyQm5C00nxFP7zV2YFtdDBM4tfqUMlh9BKH3XGYvuDZlrF9es4gRvB9kQfnBJiApeuJYXSXb9kSnxeQL6ChBjvkyFXaXhWoRJdD1vpRO1YnME1HH/ogu+0="}
transfer response:.params[biz_content]: { "out_biz_no":"758588358678159360", "payee_type":"ALIPAY_LOGONID", "payee_account":"hank528@139.com", "amount":"0.01", "payer_real_name":"北京搜鱼科技有限公司", "payer_show_name":"ShowLive", "payee_real_name":"刘晗", "remark":"提现", "ext_param":"{\"order_title\":\"ShowLive提现\"}" }

2239 INFO  [2016-11-04 18:50:44]  response.code: 40006
response.msg: Insufficient Permissions
response.outBizNo: null
response.orderId: null
response.payDate: null
response.code: null
response.msg: null
response.subCode: isv.insufficient-isv-permissions
response.subMsg: ISV权限不足
response.body: {"alipay_fund_trans_toaccount_transfer_response":{"code":"40006","msg":"Insufficient Permissions","sub_code":"isv.insufficient-isv-permissions","sub_msg":"ISV权限不足"},"sign":"UKaq9EnwX+rJZYN51Djh0XKzivS4m7KQ0ZZ6+ZztCfE4FSwWzMKl3PyQm5C00nxFP7zV2YFtdDBM4tfqUMlh9BKH3XGYvuDZlrF9es4gRvB9kQfnBJiApeuJYXSXb9kSnxeQL6ChBjvkyFXaXhWoRJdD1vpRO1YnME1HH/ogu+0="}
response.params[biz_content]: { "out_biz_no":"758588358678159360", "payee_type":"ALIPAY_LOGONID", "payee_account":"hank528@139.com", "amount":"0.01", "payer_real_name":"北京搜鱼科技有限公司", "payer_show_name":"ShowLive", "payee_real_name":"刘晗", "remark":"提现", "ext_param":"{\"order_title\":\"ShowLive提现\"}" }

0    INFO  [2016-11-04 18:54:20]  transfer request:.udfParams: null
transfer request:.apiVersion: 1.0
transfer request:.bizContent: { "out_biz_no":"758588358678159360", "payee_type":"ALIPAY_LOGONID", "payee_account":"hank528@139.com", "amount":"0.01", "payer_real_name":"北京搜鱼科技有限公司", "payer_show_name":"ShowLive", "payee_real_name":"刘晗", "remark":"提现", "ext_param":"{\"order_title\":\"ShowLive提现\"}" }
transfer request:.terminalType: null
transfer request:.terminalInfo: null
transfer request:.prodCode: null
transfer request:.notifyUrl: null
transfer request:.returnUrl: null
transfer request:.needEncrypt: false

152  DEBUG [2016-11-04 18:54:20]  2016-11-04 18:54:20^_^https://openapi.alipay.com/gateway.do?alipay_sdk=alipay-sdk-java-dynamicVersionNo&app_id=2016071401616703&biz_content=%7B+%22out_biz_no%22%3A%22758588358678159360%22%2C+%22payee_type%22%3A%22ALIPAY_LOGONID%22%2C+%22payee_account%22%3A%22hank528%40139.com%22%2C+%22amount%22%3A%220.01%22%2C+%22payer_real_name%22%3A%22%B1%B1%BE%A9%CB%D1%D3%E3%BF%C6%BC%BC%D3%D0%CF%DE%B9%AB%CB%BE%22%2C+%22payer_show_name%22%3A%22%B1%B4%BF%C7%D6%B1%B2%A5%22%2C+%22payee_real_name%22%3A%22%C1%F5%EA%CF%22%2C+%22remark%22%3A%22%CC%E1%CF%D6%22%2C+%22ext_param%22%3A%22%7B%5C%22order_title%5C%22%3A%5C%22%B1%B4%BF%C7%D6%B1%B2%A5%CC%E1%CF%D6%5C%22%7D%22+%7D&charset=GBK&format=json&method=alipay.fund.trans.toaccount.transfer&sign=kaG6YpU8gBDT0%2FVETZBHabzWyyW2gmXJbyYp5yosqkS7Z4Q%2FQ2y5%2Fr8COlERUAgFBXU%2BZ73bVf5IxYZY9qVPUXRRa4y5%2BvrI8i0UPF6l1FE%2FFuDzfpiPka8gn0uvbTgnQy4euImYvG0rStiDDcpHmpxuqC8UJZOa2a81MaQ0f4E%3D&sign_type=RSA&timestamp=2016-11-04+18%3A54%3A20&version=1.0&sign=kaG6YpU8gBDT0%2FVETZBHabzWyyW2gmXJbyYp5yosqkS7Z4Q%2FQ2y5%2Fr8COlERUAgFBXU%2BZ73bVf5IxYZY9qVPUXRRa4y5%2BvrI8i0UPF6l1FE%2FFuDzfpiPka8gn0uvbTgnQy4euImYvG0rStiDDcpHmpxuqC8UJZOa2a81MaQ0f4E%3D
6247 INFO  [2016-11-04 18:54:26]  transfer response:.code: 10000
transfer response:.msg: Success
transfer response:.outBizNo: 758588358678159360
transfer response:.orderId: 20161104110070001502480002918727
transfer response:.payDate: 2016-11-04 18:54:26
transfer response:.code: null
transfer response:.msg: null
transfer response:.subCode: null
transfer response:.subMsg: null
transfer response:.body: {"alipay_fund_trans_toaccount_transfer_response":{"code":"10000","msg":"Success","order_id":"20161104110070001502480002918727","out_biz_no":"758588358678159360","pay_date":"2016-11-04 18:54:26"},"sign":"cEN4Z7p/du4JIF0H66rTV0UMYLIcSgRyHIu7IWbbM9Ygpk4936nPDMDpYD0VvpkIgcYUkuwbpM+U1s28ulwBkeAi9+7+3IqtmwxTjoVgoyP+RUqQHgK0aBGsq/A2zLdmGErvWNn69S1iTn45Rcp+7BJaIxlkDcXvbZHgB5XeB5U="}
transfer response:.params[biz_content]: { "out_biz_no":"758588358678159360", "payee_type":"ALIPAY_LOGONID", "payee_account":"hank528@139.com", "amount":"0.01", "payer_real_name":"北京搜鱼科技有限公司", "payer_show_name":"ShowLive", "payee_real_name":"刘晗", "remark":"提现", "ext_param":"{\"order_title\":\"ShowLive提现\"}" }

6248 INFO  [2016-11-04 18:54:26]  response.code: 10000
response.msg: Success
response.outBizNo: 758588358678159360
response.orderId: 20161104110070001502480002918727
response.payDate: 2016-11-04 18:54:26
response.code: null
response.msg: null
response.subCode: null
response.subMsg: null
response.body: {"alipay_fund_trans_toaccount_transfer_response":{"code":"10000","msg":"Success","order_id":"20161104110070001502480002918727","out_biz_no":"758588358678159360","pay_date":"2016-11-04 18:54:26"},"sign":"cEN4Z7p/du4JIF0H66rTV0UMYLIcSgRyHIu7IWbbM9Ygpk4936nPDMDpYD0VvpkIgcYUkuwbpM+U1s28ulwBkeAi9+7+3IqtmwxTjoVgoyP+RUqQHgK0aBGsq/A2zLdmGErvWNn69S1iTn45Rcp+7BJaIxlkDcXvbZHgB5XeB5U="}
response.params[biz_content]: { "out_biz_no":"758588358678159360", "payee_type":"ALIPAY_LOGONID", "payee_account":"hank528@139.com", "amount":"0.01", "payer_real_name":"北京搜鱼科技有限公司", "payer_show_name":"ShowLive", "payee_real_name":"刘晗", "remark":"提现", "ext_param":"{\"order_title\":\"ShowLive提现\"}" }

